La génération a démarré 08/11/2014 16:18:31.
     1>Projet "C:\Users\Antony\Desktop\Babel\Babel_Serveur\Client\Client.vcxproj" sur le nœud 3 (build cible(s)).
     1>InitializeBuildStatus:
         Création de "Release\Client.unsuccessfulbuild", car "AlwaysCreate" a été spécifié.
       ClCompile:
         C:\Program Files (x86)\Microsoft Visual Studio 10.0\VC\bin\CL.exe /c /IC:\Users\Antony\Desktop\Babel\Babel_Serveur\Client\ /Zi /nologo /W3 /WX- /O2 /Oi /Oy- /GL /D WIN32 /D NDEBUG /D _CONSOLE /D _UNICODE /D UNICODE /Gm- /EHsc /MD /GS /Gy /fp:precise /Zc:wchar_t /Zc:forScope /Yc"StdAfx.h" /Fp"Release\Client.pch" /Fo"Release\\" /Fd"Release\vc100.pdb" /Gd /TP /analyze- /errorReport:prompt stdafx.cpp
         stdafx.cpp
         C:\Program Files (x86)\Microsoft Visual Studio 10.0\VC\bin\CL.exe /c /IC:\Users\Antony\Desktop\Babel\Babel_Serveur\Client\ /Zi /nologo /W3 /WX- /O2 /Oi /Oy- /GL /D WIN32 /D NDEBUG /D _CONSOLE /D _UNICODE /D UNICODE /Gm- /EHsc /MD /GS /Gy /fp:precise /Zc:wchar_t /Zc:forScope /Fo"Release\\" /Fd"Release\vc100.pdb" /Gd /TP /analyze- /errorReport:prompt Client.cpp socketException.cpp socketWindows.cpp
         Client.cpp
     1>Client.cpp(39): warning C4244: 'argument' : conversion de 'time_t' en 'unsigned int', perte possible de données
     1>Client.cpp(163): warning C4101: 'pos' : variable locale non référencée
         socketException.cpp
     1>socketException.cpp(14): warning C4996: 'strdup': The POSIX name for this item is deprecated. Instead, use the ISO C++ conformant name: _strdup. See online help for details.
                 C:\Program Files (x86)\Microsoft Visual Studio 10.0\VC\include\string.h(238) : voir la déclaration de 'strdup'
         socketWindows.cpp
       Link:
         C:\Program Files (x86)\Microsoft Visual Studio 10.0\VC\bin\link.exe /ERRORREPORT:PROMPT /OUT:"C:\Users\Antony\Desktop\Babel\Babel_Serveur\Release\Client.exe" /INCREMENTAL:NO /NOLOGO kernel32.lib user32.lib gdi32.lib winspool.lib comdlg32.lib advapi32.lib shell32.lib ole32.lib oleaut32.lib uuid.lib odbc32.lib odbccp32.lib /MANIFEST /ManifestFile:"Release\Client.exe.intermediate.manifest" /MANIFESTUAC:"level='asInvoker' uiAccess='false'" /DEBUG /PDB:"C:\Users\Antony\Desktop\Babel\Babel_Serveur\Release\Client.pdb" /SUBSYSTEM:CONSOLE /OPT:REF /OPT:ICF /LTCG /TLBID:1 /DYNAMICBASE /NXCOMPAT /IMPLIB:"C:\Users\Antony\Desktop\Babel\Babel_Serveur\Release\Client.lib" /MACHINE:X86 Release\Client.obj
         Release\socketException.obj
         Release\socketWindows.obj
         Release\stdafx.obj
         Génération de code en cours
         Fin de la génération du code
         Client.vcxproj -> C:\Users\Antony\Desktop\Babel\Babel_Serveur\Release\Client.exe
       Manifest:
         c:\Program Files (x86)\Microsoft SDKs\Windows\v7.0A\bin\mt.exe /nologo /verbose /outputresource:"C:\Users\Antony\Desktop\Babel\Babel_Serveur\Release\Client.exe;#1" /manifest Release\Client.exe.intermediate.manifest
       FinalizeBuildStatus:
         Suppression du fichier "Release\Client.unsuccessfulbuild".
         Mise à jour de l'horodatage "Release\Client.lastbuildstate".
     1>Génération du projet "C:\Users\Antony\Desktop\Babel\Babel_Serveur\Client\Client.vcxproj" terminée (build cible(s)).

La génération a réussi.

Temps écoulé 00:00:05.21
