C:\USERS\ANTONY\DESKTOP\BABEL\BABEL_SERVEUR\BABEL_SERVEUR\RELEASE\BABEL_SERVEUR.EXE.INTERMEDIATE.MANIFEST
C:\USERS\ANTONY\DESKTOP\BABEL\BABEL_SERVEUR\BABEL_SERVEUR\RELEASE\BABEL_SERVEUR.OBJ
C:\Users\Antony\Desktop\Babel\Babel_Serveur\Babel_Serveur\Release\Babel_Serveur.write.1.tlog
C:\Users\Antony\Desktop\Babel\Babel_Serveur\Babel_Serveur\Release\cl.command.1.tlog
C:\Users\Antony\Desktop\Babel\Babel_Serveur\Babel_Serveur\Release\CL.read.1.tlog
C:\Users\Antony\Desktop\Babel\Babel_Serveur\Babel_Serveur\Release\CL.write.1.tlog
C:\USERS\ANTONY\DESKTOP\BABEL\BABEL_SERVEUR\BABEL_SERVEUR\RELEASE\CLIENT.OBJ
C:\Users\Antony\Desktop\Babel\Babel_Serveur\Babel_Serveur\Release\link.command.1.tlog
C:\Users\Antony\Desktop\Babel\Babel_Serveur\Babel_Serveur\Release\link.read.1.tlog
C:\Users\Antony\Desktop\Babel\Babel_Serveur\Babel_Serveur\Release\link.write.1.tlog
C:\USERS\ANTONY\DESKTOP\BABEL\BABEL_SERVEUR\BABEL_SERVEUR\RELEASE\LOG.OBJ
C:\Users\Antony\Desktop\Babel\Babel_Serveur\Babel_Serveur\Release\mt.command.1.tlog
C:\Users\Antony\Desktop\Babel\Babel_Serveur\Babel_Serveur\Release\mt.read.1.tlog
C:\Users\Antony\Desktop\Babel\Babel_Serveur\Babel_Serveur\Release\mt.write.1.tlog
C:\USERS\ANTONY\DESKTOP\BABEL\BABEL_SERVEUR\BABEL_SERVEUR\RELEASE\SERVER.OBJ
C:\USERS\ANTONY\DESKTOP\BABEL\BABEL_SERVEUR\BABEL_SERVEUR\RELEASE\SOCKETEXCEPTION.OBJ
C:\USERS\ANTONY\DESKTOP\BABEL\BABEL_SERVEUR\BABEL_SERVEUR\RELEASE\SOCKETWINDOWS.OBJ
C:\USERS\ANTONY\DESKTOP\BABEL\BABEL_SERVEUR\BABEL_SERVEUR\RELEASE\VC100.PDB
C:\USERS\ANTONY\DESKTOP\BABEL\BABEL_SERVEUR\RELEASE\BABEL_SERVEUR.EXE
C:\USERS\ANTONY\DESKTOP\BABEL\BABEL_SERVEUR\RELEASE\BABEL_SERVEUR.PDB
