La génération a démarré 05/11/2014 18:01:32.
     1>Projet "C:\Users\Jonathan\Documents\GitHub\Babel\Babel_Serveur\Babel_Serveur\Babel_Serveur.vcxproj" sur le nœud 2 (Build cible(s)).
     1>ClCompile:
         C:\Program Files (x86)\Microsoft Visual Studio 12.0\VC\bin\CL.exe /c /IC:\Users\Jonathan\Documents\GitHub\Babel\Babel_Serveur\Babel_Serveur\ /Zi /nologo /W3 /WX- /O2 /Oi /Oy- /GL /D WIN32 /D NDEBUG /D _CONSOLE /D _UNICODE /D UNICODE /Gm- /EHsc /MD /GS /Gy /fp:precise /Zc:wchar_t /Zc:forScope /Fo"Release\\" /Fd"Release\vc120.pdb" /Gd /TP /analyze- /errorReport:prompt CPP\Babel_Serveur.cpp CPP\Client.cpp CPP\ClientManager.cpp CPP\FileContact.cpp CPP\log.cpp CPP\Protocole.cpp CPP\server.cpp CPP\socketException.cpp CPP\socketWindows.cpp
         Babel_Serveur.cpp
         Client.cpp
         ClientManager.cpp
         FileContact.cpp
         log.cpp
         Protocole.cpp
         server.cpp
     1>CPP\server.cpp(49): warning C4244: 'argument' : conversion de 'time_t' en 'unsigned int', perte possible de données
         socketException.cpp
     1>CPP\socketException.cpp(14): warning C4996: 'strdup': The POSIX name for this item is deprecated. Instead, use the ISO C++ conformant name: _strdup. See online help for details.
                 C:\Program Files (x86)\Microsoft Visual Studio 12.0\VC\include\string.h(245) : voir la déclaration de 'strdup'
         socketWindows.cpp
       Link:
         C:\Program Files (x86)\Microsoft Visual Studio 12.0\VC\bin\link.exe /ERRORREPORT:PROMPT /OUT:"C:\Users\Jonathan\Documents\GitHub\Babel\Babel_Serveur\Release\Babel_Serveur.exe" /INCREMENTAL:NO /NOLOGO kernel32.lib user32.lib gdi32.lib winspool.lib comdlg32.lib advapi32.lib shell32.lib ole32.lib oleaut32.lib uuid.lib odbc32.lib odbccp32.lib /MANIFEST /MANIFESTUAC:"level='asInvoker' uiAccess='false'" /manifest:embed /DEBUG /PDB:"C:\Users\Jonathan\Documents\GitHub\Babel\Babel_Serveur\Release\Babel_Serveur.pdb" /SUBSYSTEM:CONSOLE /OPT:REF /OPT:ICF /LTCG /TLBID:1 /DYNAMICBASE /NXCOMPAT /IMPLIB:"C:\Users\Jonathan\Documents\GitHub\Babel\Babel_Serveur\Release\Babel_Serveur.lib" /MACHINE:X86 /SAFESEH Release\Babel_Serveur.obj
         Release\Client.obj
         Release\ClientManager.obj
         Release\FileContact.obj
         Release\log.obj
         Release\Protocole.obj
         Release\server.obj
         Release\socketException.obj
         Release\socketWindows.obj
         Génération de code en cours
         Fin de la génération du code
         Babel_Serveur.vcxproj -> C:\Users\Jonathan\Documents\GitHub\Babel\Babel_Serveur\Release\Babel_Serveur.exe
     1>Génération du projet "C:\Users\Jonathan\Documents\GitHub\Babel\Babel_Serveur\Babel_Serveur\Babel_Serveur.vcxproj" terminée (Build cible(s)).

La génération a réussi.

Temps écoulé 00:00:09.89
